\BOOKMARK [1][-]{section.1}{\376\377\000O\000b\000j\000e\000c\000t\000i\000v\000e}{}% 1
\BOOKMARK [1][-]{section.2}{\376\377\000A\000p\000p\000a\000r\000a\000t\000u\000s}{}% 2
\BOOKMARK [1][-]{section.3}{\376\377\000T\000h\000e\000o\000r\000y}{}% 3
\BOOKMARK [2][-]{subsection.3.1}{\376\377\000B\000e\000a\000m\000\040\000Q\000u\000a\000l\000i\000t\000y\000\040\000C\000o\000r\000r\000e\000c\000t\000i\000o\000n\000\040\000F\000a\000c\000t\000o\000r\000\040\000\050\000k\000Q\000,\000Q\0000\000\051}{section.3}% 4
\BOOKMARK [2][-]{subsection.3.2}{\376\377\000C\000o\000r\000r\000e\000c\000t\000i\000o\000n\000\040\000f\000o\000r\000\040\000T\000e\000m\000p\000e\000r\000a\000t\000u\000r\000e\000,\000\040\000P\000r\000e\000s\000s\000u\000r\000e\000,\000\040\000a\000n\000d\000\040\000H\000u\000m\000i\000d\000i\000t\000y}{section.3}% 5
\BOOKMARK [2][-]{subsection.3.3}{\376\377\000C\000o\000r\000r\000e\000c\000t\000i\000o\000n\000\040\000f\000o\000r\000\040\000I\000o\000n\000\040\000R\000e\000c\000o\000m\000b\000i\000n\000a\000t\000i\000o\000n\000/\000\040\000S\000a\000t\000u\000r\000a\000t\000i\000o\000n}{section.3}% 6
\BOOKMARK [3][-]{subsubsection.3.3.1}{\376\377\000E\000f\000f\000i\000c\000i\000e\000n\000c\000y\000\040\000C\000o\000r\000r\000e\000c\000t\000i\000o\000n\000\040\000F\000a\000c\000t\000o\000r\000\040\000f\000o\000r\000\040\000P\000u\000l\000s\000e\000d\000\040\000R\000a\000d\000i\000a\000t\000i\000o\000n}{subsection.3.3}% 7
\BOOKMARK [3][-]{subsubsection.3.3.2}{\376\377\000N\000u\000m\000e\000r\000i\000c\000a\000l\000\040\000s\000o\000l\000u\000t\000i\000o\000n\000\040\000f\000o\000r\000\040\000p\000u\000l\000s\000e\000d\000\040\000r\000a\000d\000i\000a\000t\000i\000o\000n}{subsection.3.3}% 8
\BOOKMARK [2][-]{subsection.3.4}{\376\377\000P\000o\000l\000a\000r\000i\000t\000y\000\040\000C\000o\000r\000r\000e\000c\000t\000i\000o\000n}{section.3}% 9
\BOOKMARK [3][-]{subsubsection.3.4.1}{\376\377\000R\000e\000a\000s\000o\000n\000\040\000f\000o\000r\000\040\000P\000o\000l\000a\000r\000i\000t\000y\000\040\000E\000f\000f\000e\000c\000t}{subsection.3.4}% 10
\BOOKMARK [3][-]{subsubsection.3.4.2}{\376\377\000G\000e\000n\000e\000r\000a\000l\000\040\000D\000i\000s\000c\000u\000s\000s\000i\000o\000n}{subsection.3.4}% 11
\BOOKMARK [2][-]{subsection.3.5}{\376\377\000E\000l\000e\000c\000t\000r\000o\000m\000e\000t\000e\000r\000\040\000C\000a\000l\000i\000b\000r\000a\000t\000i\000o\000n}{section.3}% 12
\BOOKMARK [1][-]{section.4}{\376\377\000O\000b\000s\000e\000r\000v\000a\000t\000i\000o\000n\000\040\000i\000n\000\040\000A\000c\000h\000a\000r\000y\000a\000\040\000H\000a\000r\000i\000h\000a\000r\000\040\000P\000o\000s\000t\000\040\000G\000r\000a\000d\000u\000a\000t\000e\000\040\000I\000n\000s\000t\000i\000t\000u\000t\000e\000\040\000o\000f\000\040\000C\000a\000n\000c\000e\000r}{}% 13
\BOOKMARK [2][-]{subsection.4.1}{\376\377\000T\000a\000b\000u\000l\000a\000t\000i\000o\000n\000\040\000f\000o\000r\000\040\0006\000M\000e\000V\000\040\000e\000l\000e\000c\000t\000r\000o\000n}{section.4}% 14
\BOOKMARK [2][-]{subsection.4.2}{\376\377\000T\000a\000b\000u\000l\000a\000t\000i\000o\000n\000\040\000f\000o\000r\000\040\0001\0002\000\040\000M\000e\000V\000\040\000e\000l\000e\000c\000t\000r\000o\000n}{section.4}% 15
\BOOKMARK [1][-]{section.5}{\376\377\000O\000b\000s\000e\000r\000v\000a\000t\000i\000o\000n\000\040\000i\000n\000\040\000A\000I\000I\000M\000S}{}% 16
\BOOKMARK [2][-]{subsection.5.1}{\376\377\000T\000a\000b\000u\000l\000a\000t\000i\000o\000n\000\040\000f\000o\000r\000\040\0006\000\040\000M\000e\000V\000\040\000e\000l\000e\000c\000t\000r\000o\000n\000\040\000b\000e\000a\000m}{section.5}% 17
\BOOKMARK [2][-]{subsection.5.2}{\376\377\000T\000a\000b\000u\000l\000a\000t\000i\000o\000n\000\040\000f\000o\000r\000\040\0001\0002\000\040\000M\000e\000V\000\040\000e\000l\000e\000c\000t\000r\000o\000n}{section.5}% 18
\BOOKMARK [1][-]{section.6}{\376\377\000C\000o\000n\000c\000l\000u\000s\000i\000o\000n}{}% 19
\BOOKMARK [1][-]{section.7}{\376\377\000R\000e\000f\000e\000r\000e\000n\000c\000e\000s}{}% 20
